<?xml version="1.0" encoding="UTF-8"?>
<!-- Generated by org.testng.reporters.JUnitReportReporter -->
<testsuite ignored="0" hostname="SUMIT" failures="0" tests="1" name="org.testing.testScripts.TC2_GetAllRequest" time="0.109" errors="0" timestamp="27 Aug 2023 09:24:33 GMT" skipped="0">
  <testcase classname="org.testing.testScripts.TC2_GetAllRequest" name="testcase2" time="0.109"/>
</testsuite> <!-- org.testing.testScripts.TC2_GetAllRequest -->
