<?xml version="1.0" encoding="UTF-8"?>
<!-- Generated by org.testng.reporters.JUnitReportReporter -->
<testsuite ignored="0" hostname="SUMIT" failures="0" tests="1" name="org.testing.testScripts.TC1_PostRequest" time="3.003" errors="0" timestamp="27 Aug 2023 09:24:33 GMT" skipped="0">
  <testcase classname="org.testing.testScripts.TC1_PostRequest" name="testcase1" time="3.003"/>
</testsuite> <!-- org.testing.testScripts.TC1_PostRequest -->
